<?xml version="1.0" encoding="UTF-8"?>
<!-- Generated by org.testng.reporters.JUnitReportReporter -->
<testsuite hostname="LAPTOP-HFBN7IO0" failures="0" tests="1" name="pages.actions" time="12.013" errors="0" timestamp="2024-11-20T19:37:53 IST" skipped="0">
  <testcase classname="pages.actions" name="action" time="12.013"/>
</testsuite> <!-- pages.actions -->
