<?xml version="1.0" encoding="UTF-8"?>
<!-- Generated by org.testng.reporters.JUnitReportReporter -->
<testsuite hostname="LAPTOP-HFBN7IO0" failures="0" tests="4" name="pages.dropdowns" time="52.905" errors="0" timestamp="2024-10-05T22:39:50 IST" skipped="0">
  <testcase classname="pages.dropdowns" name="checkboxes" time="10.193"/>
  <testcase classname="pages.dropdowns" name="drop" time="8.797"/>
  <testcase classname="pages.dropdowns" name="drop" time="8.553"/>
  <testcase classname="pages.dropdowns" name="radioButton" time="25.362"/>
</testsuite> <!-- pages.dropdowns -->
