<?xml version="1.0" encoding="UTF-8"?>
<!-- Generated by org.testng.reporters.JUnitReportReporter -->
<testsuite hostname="LAPTOP-HFBN7IO0" failures="0" tests="1" name="pages.click" time="7.974" errors="0" timestamp="2024-10-05T22:39:50 IST" skipped="0">
  <testcase classname="pages.click" name="seleniumclick" time="7.974"/>
</testsuite> <!-- pages.click -->
