<?xml version="1.0" encoding="UTF-8"?>
<!-- Generated by org.testng.reporters.JUnitReportReporter -->
<testsuite hostname="LAPTOP-HFBN7IO0" failures="0" tests="1" name="pages.actions" time="20.793" errors="0" timestamp="2024-10-19T23:34:25 IST" skipped="0">
  <testcase classname="pages.actions" name="action" time="20.793"/>
</testsuite> <!-- pages.actions -->
