<?xml version="1.0" encoding="UTF-8"?>
<!-- Generated by org.testng.reporters.JUnitReportReporter -->
<testsuite hostname="LAPTOP-HFBN7IO0" failures="0" tests="1" name="pages.datePicker" time="26.328" errors="0" timestamp="2024-10-18T10:18:07 IST" skipped="0">
  <testcase classname="pages.datePicker" name="lauch" time="26.328"/>
</testsuite> <!-- pages.datePicker -->
