<?xml version="1.0" encoding="UTF-8"?>
<!-- Generated by org.testng.reporters.JUnitReportReporter -->
<testsuite hostname="LAPTOP-HFBN7IO0" failures="0" tests="1" name="pages.scroll" time="16.495" errors="0" timestamp="2024-10-08T10:04:05 IST" skipped="0">
  <testcase classname="pages.scroll" name="scrolls" time="16.495"/>
</testsuite> <!-- pages.scroll -->
